t=2023-05-31T09:32:26+0300 lvl=info msg="Request Completed" logger=context userId=1 orgId=1 uname=admin method=GET path=/api/live/ws status=0 remote_addr=[::1] time_ms=186 size=0 referer=
t=2023-05-31T09:35:38+0300 lvl=info msg="Shutdown started" logger=server reason="System signal: interrupt"
t=2023-06-09T16:57:43+0300 lvl=info msg="Starting Grafana" logger=server version=8.0.6 commit=68fe9e3431 branch=HEAD compiled=2021-07-15T10:49:19+0300
t=2023-06-09T16:57:43+0300 lvl=info msg="Config loaded from" logger=settings file=/mnt/c/Users/chris/Desktop/Telemetry-GUI/prom_telemetry-master/conf/defaults.ini
t=2023-06-09T16:57:43+0300 lvl=info msg="Path Home" logger=settings path=/mnt/c/Users/chris/Desktop/Telemetry-GUI/prom_telemetry-master
t=2023-06-09T16:57:43+0300 lvl=info msg="Path Data" logger=settings path=/mnt/c/Users/chris/Desktop/Telemetry-GUI/prom_telemetry-master/data
t=2023-06-09T16:57:43+0300 lvl=info msg="Path Logs" logger=settings path=/mnt/c/Users/chris/Desktop/Telemetry-GUI/prom_telemetry-master/data/log
t=2023-06-09T16:57:43+0300 lvl=info msg="Path Plugins" logger=settings path=/mnt/c/Users/chris/Desktop/Telemetry-GUI/prom_telemetry-master/data/plugins
t=2023-06-09T16:57:43+0300 lvl=info msg="Path Provisioning" logger=settings path=/mnt/c/Users/chris/Desktop/Telemetry-GUI/prom_telemetry-master/conf/provisioning
t=2023-06-09T16:57:43+0300 lvl=info msg="App mode production" logger=settings
t=2023-06-09T16:57:43+0300 lvl=info msg="Connecting to DB" logger=sqlstore dbtype=sqlite3
t=2023-06-09T16:57:43+0300 lvl=warn msg="SQLite database file has broader permissions than it should" logger=sqlstore path=/mnt/c/Users/chris/Desktop/Telemetry-GUI/prom_telemetry-master/data/grafana.db mode=-rwxrwxrwx expected=-rw-r-----
t=2023-06-09T16:57:43+0300 lvl=info msg="Starting DB migrations" logger=migrator
t=2023-06-09T16:57:43+0300 lvl=info msg="migrations completed" logger=migrator performed=0 skipped=330 duration=718.133µs
t=2023-06-09T16:57:43+0300 lvl=info msg="Starting plugin search" logger=plugins
t=2023-06-09T16:57:46+0300 lvl=warn msg="Plugin file's signature has been modified versus manifest" logger=plugins plugin=input filename=/mnt/c/Users/chris/Desktop/Telemetry-GUI/prom_telemetry-master/plugins-bundled/internal/input-datasource/README.md
t=2023-06-09T16:57:47+0300 lvl=warn msg="Plugin file's signature has been modified versus manifest" logger=plugins plugin=grafana-plugin-admin-app filename=/mnt/c/Users/chris/Desktop/Telemetry-GUI/prom_telemetry-master/plugins-bundled/internal/plugin-admin-app/CHANGELOG.md
t=2023-06-09T16:57:47+0300 lvl=info msg="Registering plugin" logger=plugins id=input
t=2023-06-09T16:57:47+0300 lvl=info msg="Registering plugin" logger=plugins id=grafana-plugin-admin-app
t=2023-06-09T16:57:47+0300 lvl=info msg="Live Push Gateway initialization" logger=live.push_http
t=2023-06-09T16:57:47+0300 lvl=info msg="HTTP Server Listen" logger=http.server address=[::]:3000 protocol=http subUrl= socket=
t=2023-06-09T16:57:55+0300 lvl=eror msg="Failed to look up user based on cookie" logger=context error="user token not found"
t=2023-06-09T16:57:55+0300 lvl=eror msg="Failed to look up user based on cookie" logger=context error="user token not found"
t=2023-06-09T16:57:56+0300 lvl=eror msg="Failed to look up user based on cookie" logger=context error="user token not found"
t=2023-06-09T16:57:56+0300 lvl=info msg="Request Completed" logger=context userId=0 orgId=1 uname= method=GET path=/api/live/ws status=0 remote_addr=[::1] time_ms=8 size=0 referer=
t=2023-06-09T16:57:56+0300 lvl=eror msg="Failed to look up user based on cookie" logger=context error="user token not found"
t=2023-06-09T16:57:56+0300 lvl=info msg="Request Completed" logger=context userId=0 orgId=1 uname= method=GET path=/api/live/ws status=0 remote_addr=[::1] time_ms=16 size=0 referer=
t=2023-06-09T16:57:57+0300 lvl=eror msg="Failed to look up user based on cookie" logger=context error="user token not found"
t=2023-06-09T16:57:57+0300 lvl=eror msg="Failed to look up user based on cookie" logger=context error="user token not found"
t=2023-06-09T16:57:57+0300 lvl=eror msg="Failed to look up user based on cookie" logger=context error="user token not found"
t=2023-06-09T16:57:57+0300 lvl=info msg="Initialized channel handler" logger=live channel=grafana/dashboard/uid/WU_FjM8nz address=grafana/dashboard/uid/WU_FjM8nz
t=2023-06-09T16:57:57+0300 lvl=info msg="Initialized channel handler" logger=live channel=stream/custom_stream_id/sma address=stream/custom_stream_id/sma
t=2023-06-09T16:57:57+0300 lvl=eror msg="Failed to look up user based on cookie" logger=context error="user token not found"
t=2023-06-09T16:57:57+0300 lvl=eror msg="Failed to look up user based on cookie" logger=context error="user token not found"
t=2023-06-09T16:57:59+0300 lvl=eror msg="Failed to look up user based on cookie" logger=context error="user token not found"
t=2023-06-09T16:58:00+0300 lvl=eror msg="Failed to look up user based on cookie" logger=context error="user token not found"
t=2023-06-09T16:58:00+0300 lvl=info msg="Request Completed" logger=context userId=0 orgId=1 uname= method=GET path=/api/live/ws status=0 remote_addr=[::1] time_ms=11 size=0 referer=
t=2023-06-09T16:58:00+0300 lvl=eror msg="Failed to look up user based on cookie" logger=context error="user token not found"
t=2023-06-09T16:58:00+0300 lvl=eror msg="Failed to look up user based on cookie" logger=context error="user token not found"
t=2023-06-09T16:58:00+0300 lvl=eror msg="Failed to look up user based on cookie" logger=context error="user token not found"
t=2023-06-09T16:58:00+0300 lvl=eror msg="Failed to look up user based on cookie" logger=context error="user token not found"
t=2023-06-09T16:58:00+0300 lvl=eror msg="Failed to look up user based on cookie" logger=context error="user token not found"
t=2023-06-09T16:58:01+0300 lvl=eror msg="Failed to look up user based on cookie" logger=context error="user token not found"
t=2023-06-09T16:58:01+0300 lvl=eror msg="Failed to look up user based on cookie" logger=context error="user token not found"
t=2023-06-09T16:58:01+0300 lvl=eror msg="Failed to look up user based on cookie" logger=context error="user token not found"
t=2023-06-12T10:23:28+0300 lvl=info msg="Starting Grafana" logger=server version=8.0.6 commit=68fe9e3431 branch=HEAD compiled=2021-07-15T10:49:19+0300
t=2023-06-12T10:23:28+0300 lvl=info msg="Config loaded from" logger=settings file=/mnt/c/Users/chris/Desktop/Telemetry-GUI/prom_telemetry-master/conf/defaults.ini
t=2023-06-12T10:23:28+0300 lvl=info msg="Path Home" logger=settings path=/mnt/c/Users/chris/Desktop/Telemetry-GUI/prom_telemetry-master
t=2023-06-12T10:23:28+0300 lvl=info msg="Path Data" logger=settings path=/mnt/c/Users/chris/Desktop/Telemetry-GUI/prom_telemetry-master/data
t=2023-06-12T10:23:28+0300 lvl=info msg="Path Logs" logger=settings path=/mnt/c/Users/chris/Desktop/Telemetry-GUI/prom_telemetry-master/data/log
t=2023-06-12T10:23:28+0300 lvl=info msg="Path Plugins" logger=settings path=/mnt/c/Users/chris/Desktop/Telemetry-GUI/prom_telemetry-master/data/plugins
t=2023-06-12T10:23:28+0300 lvl=info msg="Path Provisioning" logger=settings path=/mnt/c/Users/chris/Desktop/Telemetry-GUI/prom_telemetry-master/conf/provisioning
t=2023-06-12T10:23:28+0300 lvl=info msg="App mode production" logger=settings
t=2023-06-12T10:23:28+0300 lvl=info msg="Connecting to DB" logger=sqlstore dbtype=sqlite3
t=2023-06-12T10:23:28+0300 lvl=warn msg="SQLite database file has broader permissions than it should" logger=sqlstore path=/mnt/c/Users/chris/Desktop/Telemetry-GUI/prom_telemetry-master/data/grafana.db mode=-rwxrwxrwx expected=-rw-r-----
t=2023-06-12T10:23:28+0300 lvl=info msg="Starting DB migrations" logger=migrator
t=2023-06-12T10:23:28+0300 lvl=info msg="migrations completed" logger=migrator performed=0 skipped=330 duration=550.174µs
t=2023-06-12T10:23:28+0300 lvl=info msg="Starting plugin search" logger=plugins
t=2023-06-12T10:23:32+0300 lvl=warn msg="Plugin file's signature has been modified versus manifest" logger=plugins plugin=input filename=/mnt/c/Users/chris/Desktop/Telemetry-GUI/prom_telemetry-master/plugins-bundled/internal/input-datasource/plugin.json
t=2023-06-12T10:23:32+0300 lvl=warn msg="Plugin file's signature has been modified versus manifest" logger=plugins plugin=grafana-plugin-admin-app filename=/mnt/c/Users/chris/Desktop/Telemetry-GUI/prom_telemetry-master/plugins-bundled/internal/plugin-admin-app/img/logo.svg
t=2023-06-12T10:23:32+0300 lvl=info msg="Registering plugin" logger=plugins id=input
t=2023-06-12T10:23:32+0300 lvl=info msg="Registering plugin" logger=plugins id=grafana-plugin-admin-app
t=2023-06-12T10:23:32+0300 lvl=info msg="Live Push Gateway initialization" logger=live.push_http
t=2023-06-12T10:23:32+0300 lvl=eror msg="Stopped HTTPServer" logger=server reason="failed to open listener on address 0.0.0.0:3000: listen tcp 0.0.0.0:3000: bind: address already in use"
t=2023-06-12T10:23:33+0300 lvl=eror msg="Server shutdown" logger=server error="HTTPServer run error: failed to open listener on address 0.0.0.0:3000: listen tcp 0.0.0.0:3000: bind: address already in use"
t=2023-06-12T10:24:02+0300 lvl=info msg="Starting Grafana" logger=server version=8.0.6 commit=68fe9e3431 branch=HEAD compiled=2021-07-15T10:49:19+0300
t=2023-06-12T10:24:02+0300 lvl=info msg="Config loaded from" logger=settings file=/mnt/c/Users/chris/Desktop/Telemetry-GUI/prom_telemetry-master/conf/defaults.ini
t=2023-06-12T10:24:02+0300 lvl=info msg="Path Home" logger=settings path=/mnt/c/Users/chris/Desktop/Telemetry-GUI/prom_telemetry-master
t=2023-06-12T10:24:02+0300 lvl=info msg="Path Data" logger=settings path=/mnt/c/Users/chris/Desktop/Telemetry-GUI/prom_telemetry-master/data
t=2023-06-12T10:24:02+0300 lvl=info msg="Path Logs" logger=settings path=/mnt/c/Users/chris/Desktop/Telemetry-GUI/prom_telemetry-master/data/log
t=2023-06-12T10:24:02+0300 lvl=info msg="Path Plugins" logger=settings path=/mnt/c/Users/chris/Desktop/Telemetry-GUI/prom_telemetry-master/data/plugins
t=2023-06-12T10:24:02+0300 lvl=info msg="Path Provisioning" logger=settings path=/mnt/c/Users/chris/Desktop/Telemetry-GUI/prom_telemetry-master/conf/provisioning
t=2023-06-12T10:24:02+0300 lvl=info msg="App mode production" logger=settings
t=2023-06-12T10:24:02+0300 lvl=info msg="Connecting to DB" logger=sqlstore dbtype=sqlite3
t=2023-06-12T10:24:02+0300 lvl=warn msg="SQLite database file has broader permissions than it should" logger=sqlstore path=/mnt/c/Users/chris/Desktop/Telemetry-GUI/prom_telemetry-master/data/grafana.db mode=-rwxrwxrwx expected=-rw-r-----
t=2023-06-12T10:24:02+0300 lvl=info msg="Starting DB migrations" logger=migrator
t=2023-06-12T10:24:02+0300 lvl=info msg="migrations completed" logger=migrator performed=0 skipped=330 duration=1.497633ms
t=2023-06-12T10:24:02+0300 lvl=info msg="Starting plugin search" logger=plugins
t=2023-06-12T10:24:05+0300 lvl=warn msg="Plugin file's signature has been modified versus manifest" logger=plugins plugin=input filename=/mnt/c/Users/chris/Desktop/Telemetry-GUI/prom_telemetry-master/plugins-bundled/internal/input-datasource/plugin.json
t=2023-06-12T10:24:05+0300 lvl=warn msg="Plugin file's signature has been modified versus manifest" logger=plugins plugin=grafana-plugin-admin-app filename=/mnt/c/Users/chris/Desktop/Telemetry-GUI/prom_telemetry-master/plugins-bundled/internal/plugin-admin-app/plugin.json
t=2023-06-12T10:24:05+0300 lvl=info msg="Registering plugin" logger=plugins id=input
t=2023-06-12T10:24:05+0300 lvl=info msg="Registering plugin" logger=plugins id=grafana-plugin-admin-app
t=2023-06-12T10:24:05+0300 lvl=info msg="Live Push Gateway initialization" logger=live.push_http
t=2023-06-12T10:24:05+0300 lvl=info msg="HTTP Server Listen" logger=http.server address=[::]:3000 protocol=http subUrl= socket=
t=2023-06-12T10:24:06+0300 lvl=eror msg="Failed to look up user based on cookie" logger=context error="user token not found"
t=2023-06-12T10:24:07+0300 lvl=eror msg="Failed to look up user based on cookie" logger=context error="user token not found"
t=2023-06-12T10:24:07+0300 lvl=info msg="Request Completed" logger=context userId=0 orgId=1 uname= method=GET path=/api/live/ws status=0 remote_addr=[::1] time_ms=7 size=0 referer=
t=2023-06-12T10:24:07+0300 lvl=eror msg="Failed to look up user based on cookie" logger=context error="user token not found"
t=2023-06-12T10:24:07+0300 lvl=eror msg="Failed to look up user based on cookie" logger=context error="user token not found"
t=2023-06-12T10:24:07+0300 lvl=eror msg="Failed to look up user based on cookie" logger=context error="user token not found"
t=2023-06-12T10:24:07+0300 lvl=eror msg="Failed to look up user based on cookie" logger=context error="user token not found"
t=2023-06-12T10:24:07+0300 lvl=eror msg="Failed to look up user based on cookie" logger=context error="user token not found"
t=2023-06-12T10:24:09+0300 lvl=eror msg="Failed to look up user based on cookie" logger=context error="user token not found"
t=2023-06-12T10:24:09+0300 lvl=info msg="Initialized channel handler" logger=live channel=grafana/dashboard/uid/WU_FjM8nz address=grafana/dashboard/uid/WU_FjM8nz
t=2023-06-12T10:24:09+0300 lvl=eror msg="Failed to look up user based on cookie" logger=context error="user token not found"
t=2023-06-12T10:24:09+0300 lvl=eror msg="Failed to look up user based on cookie" logger=context error="user token not found"
t=2023-06-12T10:24:09+0300 lvl=info msg="Initialized channel handler" logger=live channel=stream/custom_stream_id/sma address=stream/custom_stream_id/sma
t=2023-06-12T10:24:18+0300 lvl=eror msg="Failed to look up user based on cookie" logger=context error="user token not found"
t=2023-06-12T10:24:39+0300 lvl=eror msg="Failed to look up user based on cookie" logger=context error="user token not found"
t=2023-06-12T10:24:39+0300 lvl=eror msg="Failed to look up user based on cookie" logger=context error="user token not found"
t=2023-06-12T10:24:40+0300 lvl=eror msg="Failed to look up user based on cookie" logger=context error="user token not found"
t=2023-06-12T10:24:40+0300 lvl=info msg="Request Completed" logger=context userId=0 orgId=1 uname= method=GET path=/api/live/ws status=0 remote_addr=[::1] time_ms=9 size=0 referer=
t=2023-06-12T10:24:41+0300 lvl=eror msg="Failed to look up user based on cookie" logger=context error="user token not found"
t=2023-06-12T10:24:41+0300 lvl=info msg="Request Completed" logger=context userId=0 orgId=1 uname= method=GET path=/api/live/ws status=0 remote_addr=[::1] time_ms=12 size=0 referer=
t=2023-06-12T10:24:41+0300 lvl=eror msg="Failed to look up user based on cookie" logger=context error="user token not found"
t=2023-06-12T10:24:41+0300 lvl=eror msg="Failed to look up user based on cookie" logger=context error="user token not found"
t=2023-06-12T10:24:41+0300 lvl=eror msg="Failed to look up user based on cookie" logger=context error="user token not found"
t=2023-06-12T10:24:41+0300 lvl=eror msg="Failed to look up user based on cookie" logger=context error="user token not found"
t=2023-06-12T10:24:41+0300 lvl=eror msg="Failed to look up user based on cookie" logger=context error="user token not found"
t=2023-06-12T10:27:54+0300 lvl=eror msg="Failed to look up user based on cookie" logger=context error="user token not found"
t=2023-06-12T10:27:54+0300 lvl=eror msg="Failed to look up user based on cookie" logger=context error="user token not found"
t=2023-06-12T10:27:55+0300 lvl=eror msg="Failed to look up user based on cookie" logger=context error="user token not found"
t=2023-06-12T10:27:55+0300 lvl=info msg="Request Completed" logger=context userId=0 orgId=1 uname= method=GET path=/api/live/ws status=0 remote_addr=[::1] time_ms=9 size=0 referer=
t=2023-06-12T10:27:55+0300 lvl=eror msg="Failed to look up user based on cookie" logger=context error="user token not found"
t=2023-06-12T10:27:55+0300 lvl=info msg="Request Completed" logger=context userId=0 orgId=1 uname= method=GET path=/api/live/ws status=0 remote_addr=[::1] time_ms=8 size=0 referer=
t=2023-06-12T10:27:55+0300 lvl=eror msg="Failed to look up user based on cookie" logger=context error="user token not found"
t=2023-06-12T10:27:55+0300 lvl=eror msg="Failed to look up user based on cookie" logger=context error="user token not found"
t=2023-06-12T10:27:55+0300 lvl=eror msg="Failed to look up user based on cookie" logger=context error="user token not found"
t=2023-06-12T10:27:55+0300 lvl=eror msg="Failed to look up user based on cookie" logger=context error="user token not found"
t=2023-06-12T10:27:55+0300 lvl=eror msg="Failed to look up user based on cookie" logger=context error="user token not found"
t=2023-06-12T10:28:03+0300 lvl=info msg="Request Completed" logger=context userId=0 orgId=1 uname= method=POST path=/api/live/push/custom_stream_id status=0 remote_addr=[::1] time_ms=28 size=0 referer=
t=2023-06-12T10:28:03+0300 lvl=info msg="Request Completed" logger=context userId=0 orgId=1 uname= method=POST path=/api/live/push/custom_stream_id status=0 remote_addr=[::1] time_ms=28 size=0 referer=
t=2023-06-12T10:28:05+0300 lvl=info msg="Request Completed" logger=context userId=0 orgId=1 uname= method=POST path=/api/live/push/custom_stream_id status=0 remote_addr=[::1] time_ms=11 size=0 referer=
t=2023-06-12T10:28:20+0300 lvl=eror msg="Failed to look up user based on cookie" logger=context error="user token not found"
t=2023-06-12T10:28:20+0300 lvl=eror msg="Failed to look up user based on cookie" logger=context error="user token not found"
t=2023-06-12T10:28:21+0300 lvl=eror msg="Failed to look up user based on cookie" logger=context error="user token not found"
t=2023-06-12T10:28:21+0300 lvl=info msg="Request Completed" logger=context userId=0 orgId=1 uname= method=GET path=/api/live/ws status=0 remote_addr=[::1] time_ms=8 size=0 referer=
t=2023-06-12T10:28:21+0300 lvl=eror msg="Failed to look up user based on cookie" logger=context error="user token not found"
t=2023-06-12T10:28:21+0300 lvl=info msg="Request Completed" logger=context userId=0 orgId=1 uname= method=GET path=/api/live/ws status=0 remote_addr=[::1] time_ms=9 size=0 referer=
t=2023-06-12T10:28:21+0300 lvl=eror msg="Failed to look up user based on cookie" logger=context error="user token not found"
t=2023-06-12T10:28:21+0300 lvl=eror msg="Failed to look up user based on cookie" logger=context error="user token not found"
t=2023-06-12T10:28:21+0300 lvl=eror msg="Failed to look up user based on cookie" logger=context error="user token not found"
t=2023-06-12T10:28:21+0300 lvl=eror msg="Failed to look up user based on cookie" logger=context error="user token not found"
t=2023-06-12T10:28:21+0300 lvl=eror msg="Failed to look up user based on cookie" logger=context error="user token not found"
t=2023-06-12T10:28:31+0300 lvl=eror msg="Failed to look up user based on cookie" logger=context error="user token not found"
t=2023-06-12T10:28:31+0300 lvl=eror msg="Failed to look up user based on cookie" logger=context error="user token not found"
t=2023-06-12T10:30:57+0300 lvl=info msg="Request Completed" logger=context userId=0 orgId=1 uname= method=POST path=/api/live/push/custom_stream_id status=0 remote_addr=[::1] time_ms=13 size=0 referer=
t=2023-06-12T10:30:57+0300 lvl=info msg="Request Completed" logger=context userId=0 orgId=1 uname= method=POST path=/api/live/push/custom_stream_id status=0 remote_addr=[::1] time_ms=16 size=0 referer=
t=2023-06-12T10:30:57+0300 lvl=info msg="Request Completed" logger=context userId=0 orgId=1 uname= method=POST path=/api/live/push/custom_stream_id status=0 remote_addr=[::1] time_ms=10 size=0 referer=
t=2023-06-12T10:30:58+0300 lvl=info msg="Request Completed" logger=context userId=0 orgId=1 uname= method=POST path=/api/live/push/custom_stream_id status=0 remote_addr=[::1] time_ms=11 size=0 referer=
t=2023-06-12T10:30:58+0300 lvl=info msg="Request Completed" logger=context userId=0 orgId=1 uname= method=POST path=/api/live/push/custom_stream_id status=0 remote_addr=[::1] time_ms=11 size=0 referer=
t=2023-06-12T10:30:58+0300 lvl=info msg="Request Completed" logger=context userId=0 orgId=1 uname= method=POST path=/api/live/push/custom_stream_id status=0 remote_addr=[::1] time_ms=12 size=0 referer=
t=2023-06-12T10:30:58+0300 lvl=info msg="Request Completed" logger=context userId=0 orgId=1 uname= method=POST path=/api/live/push/custom_stream_id status=0 remote_addr=[::1] time_ms=12 size=0 referer=
t=2023-06-12T10:30:58+0300 lvl=info msg="Request Completed" logger=context userId=0 orgId=1 uname= method=POST path=/api/live/push/custom_stream_id status=0 remote_addr=[::1] time_ms=11 size=0 referer=
t=2023-06-12T10:30:58+0300 lvl=info msg="Request Completed" logger=context userId=0 orgId=1 uname= method=POST path=/api/live/push/custom_stream_id status=0 remote_addr=[::1] time_ms=10 size=0 referer=
t=2023-06-12T10:30:58+0300 lvl=info msg="Request Completed" logger=context userId=0 orgId=1 uname= method=POST path=/api/live/push/custom_stream_id status=0 remote_addr=[::1] time_ms=10 size=0 referer=
t=2023-06-12T10:30:58+0300 lvl=info msg="Request Completed" logger=context userId=0 orgId=1 uname= method=POST path=/api/live/push/custom_stream_id status=0 remote_addr=[::1] time_ms=12 size=0 referer=
t=2023-06-12T10:30:58+0300 lvl=info msg="Request Completed" logger=context userId=0 orgId=1 uname= method=POST path=/api/live/push/custom_stream_id status=0 remote_addr=[::1] time_ms=11 size=0 referer=
t=2023-06-12T10:30:58+0300 lvl=info msg="Request Completed" logger=context userId=0 orgId=1 uname= method=POST path=/api/live/push/custom_stream_id status=0 remote_addr=[::1] time_ms=10 size=0 referer=
t=2023-06-12T10:30:59+0300 lvl=info msg="Request Completed" logger=context userId=0 orgId=1 uname= method=POST path=/api/live/push/custom_stream_id status=0 remote_addr=[::1] time_ms=11 size=0 referer=
t=2023-06-12T10:30:59+0300 lvl=info msg="Request Completed" logger=context userId=0 orgId=1 uname= method=POST path=/api/live/push/custom_stream_id status=0 remote_addr=[::1] time_ms=11 size=0 referer=
t=2023-06-12T10:30:59+0300 lvl=info msg="Request Completed" logger=context userId=0 orgId=1 uname= method=POST path=/api/live/push/custom_stream_id status=0 remote_addr=[::1] time_ms=17 size=0 referer=
t=2023-06-12T10:30:59+0300 lvl=info msg="Request Completed" logger=context userId=0 orgId=1 uname= method=POST path=/api/live/push/custom_stream_id status=0 remote_addr=[::1] time_ms=15 size=0 referer=
t=2023-06-12T10:30:59+0300 lvl=info msg="Request Completed" logger=context userId=0 orgId=1 uname= method=POST path=/api/live/push/custom_stream_id status=0 remote_addr=[::1] time_ms=14 size=0 referer=
t=2023-06-12T10:30:59+0300 lvl=info msg="Request Completed" logger=context userId=0 orgId=1 uname= method=POST path=/api/live/push/custom_stream_id status=0 remote_addr=[::1] time_ms=14 size=0 referer=
t=2023-06-12T10:30:59+0300 lvl=info msg="Request Completed" logger=context userId=0 orgId=1 uname= method=POST path=/api/live/push/custom_stream_id status=0 remote_addr=[::1] time_ms=13 size=0 referer=
t=2023-06-12T10:30:59+0300 lvl=info msg="Request Completed" logger=context userId=0 orgId=1 uname= method=POST path=/api/live/push/custom_stream_id status=0 remote_addr=[::1] time_ms=15 size=0 referer=
t=2023-06-12T10:30:59+0300 lvl=info msg="Request Completed" logger=context userId=0 orgId=1 uname= method=POST path=/api/live/push/custom_stream_id status=0 remote_addr=[::1] time_ms=11 size=0 referer=
t=2023-06-12T10:30:59+0300 lvl=info msg="Request Completed" logger=context userId=0 orgId=1 uname= method=POST path=/api/live/push/custom_stream_id status=0 remote_addr=[::1] time_ms=12 size=0 referer=
t=2023-06-12T10:31:00+0300 lvl=info msg="Request Completed" logger=context userId=0 orgId=1 uname= method=POST path=/api/live/push/custom_stream_id status=0 remote_addr=[::1] time_ms=16 size=0 referer=
t=2023-06-12T10:31:00+0300 lvl=info msg="Request Completed" logger=context userId=0 orgId=1 uname= method=POST path=/api/live/push/custom_stream_id status=0 remote_addr=[::1] time_ms=14 size=0 referer=
t=2023-06-12T10:31:00+0300 lvl=info msg="Request Completed" logger=context userId=0 orgId=1 uname= method=POST path=/api/live/push/custom_stream_id status=0 remote_addr=[::1] time_ms=14 size=0 referer=
t=2023-06-12T10:31:00+0300 lvl=info msg="Request Completed" logger=context userId=0 orgId=1 uname= method=POST path=/api/live/push/custom_stream_id status=0 remote_addr=[::1] time_ms=18 size=0 referer=
t=2023-06-12T10:31:00+0300 lvl=info msg="Request Completed" logger=context userId=0 orgId=1 uname= method=POST path=/api/live/push/custom_stream_id status=0 remote_addr=[::1] time_ms=15 size=0 referer=
t=2023-06-12T10:31:00+0300 lvl=info msg="Request Completed" logger=context userId=0 orgId=1 uname= method=POST path=/api/live/push/custom_stream_id status=0 remote_addr=[::1] time_ms=11 size=0 referer=
t=2023-06-12T10:31:00+0300 lvl=info msg="Request Completed" logger=context userId=0 orgId=1 uname= method=POST path=/api/live/push/custom_stream_id status=0 remote_addr=[::1] time_ms=11 size=0 referer=
t=2023-06-12T10:31:00+0300 lvl=info msg="Request Completed" logger=context userId=0 orgId=1 uname= method=POST path=/api/live/push/custom_stream_id status=0 remote_addr=[::1] time_ms=12 size=0 referer=
t=2023-06-12T10:31:00+0300 lvl=info msg="Request Completed" logger=context userId=0 orgId=1 uname= method=POST path=/api/live/push/custom_stream_id status=0 remote_addr=[::1] time_ms=14 size=0 referer=
t=2023-06-12T10:31:00+0300 lvl=info msg="Request Completed" logger=context userId=0 orgId=1 uname= method=POST path=/api/live/push/custom_stream_id status=0 remote_addr=[::1] time_ms=13 size=0 referer=
t=2023-06-12T10:31:01+0300 lvl=info msg="Request Completed" logger=context userId=0 orgId=1 uname= method=POST path=/api/live/push/custom_stream_id status=0 remote_addr=[::1] time_ms=12 size=0 referer=
t=2023-06-12T10:31:01+0300 lvl=info msg="Request Completed" logger=context userId=0 orgId=1 uname= method=POST path=/api/live/push/custom_stream_id status=0 remote_addr=[::1] time_ms=11 size=0 referer=
t=2023-06-12T10:31:01+0300 lvl=info msg="Request Completed" logger=context userId=0 orgId=1 uname= method=POST path=/api/live/push/custom_stream_id status=0 remote_addr=[::1] time_ms=15 size=0 referer=
t=2023-06-12T10:31:01+0300 lvl=info msg="Request Completed" logger=context userId=0 orgId=1 uname= method=POST path=/api/live/push/custom_stream_id status=0 remote_addr=[::1] time_ms=11 size=0 referer=
t=2023-06-12T10:31:01+0300 lvl=info msg="Request Completed" logger=context userId=0 orgId=1 uname= method=POST path=/api/live/push/custom_stream_id status=0 remote_addr=[::1] time_ms=11 size=0 referer=
t=2023-06-12T10:31:01+0300 lvl=info msg="Request Completed" logger=context userId=0 orgId=1 uname= method=POST path=/api/live/push/custom_stream_id status=0 remote_addr=[::1] time_ms=16 size=0 referer=
t=2023-06-12T10:31:01+0300 lvl=info msg="Request Completed" logger=context userId=0 orgId=1 uname= method=POST path=/api/live/push/custom_stream_id status=0 remote_addr=[::1] time_ms=20 size=0 referer=
t=2023-06-12T10:31:01+0300 lvl=info msg="Request Completed" logger=context userId=0 orgId=1 uname= method=POST path=/api/live/push/custom_stream_id status=0 remote_addr=[::1] time_ms=37 size=0 referer=
t=2023-06-12T10:31:01+0300 lvl=eror msg="Failed to look up user based on cookie" logger=context error="user token not found"
t=2023-06-12T10:31:01+0300 lvl=eror msg="Failed to look up user based on cookie" logger=context error="user token not found"
t=2023-06-12T10:31:01+0300 lvl=info msg="Request Completed" logger=context userId=0 orgId=1 uname= method=POST path=/api/live/push/custom_stream_id status=0 remote_addr=[::1] time_ms=23 size=0 referer=
t=2023-06-12T10:31:01+0300 lvl=info msg="Request Completed" logger=context userId=0 orgId=1 uname= method=POST path=/api/live/push/custom_stream_id status=0 remote_addr=[::1] time_ms=17 size=0 referer=
t=2023-06-12T10:31:02+0300 lvl=info msg="Request Completed" logger=context userId=0 orgId=1 uname= method=POST path=/api/live/push/custom_stream_id status=0 remote_addr=[::1] time_ms=25 size=0 referer=
t=2023-06-12T10:31:02+0300 lvl=info msg="Request Completed" logger=context userId=0 orgId=1 uname= method=POST path=/api/live/push/custom_stream_id status=0 remote_addr=[::1] time_ms=22 size=0 referer=
t=2023-06-12T10:31:02+0300 lvl=info msg="Request Completed" logger=context userId=0 orgId=1 uname= method=POST path=/api/live/push/custom_stream_id status=0 remote_addr=[::1] time_ms=21 size=0 referer=
t=2023-06-12T10:31:02+0300 lvl=info msg="Request Completed" logger=context userId=0 orgId=1 uname= method=POST path=/api/live/push/custom_stream_id status=0 remote_addr=[::1] time_ms=25 size=0 referer=
t=2023-06-12T10:31:02+0300 lvl=info msg="Request Completed" logger=context userId=0 orgId=1 uname= method=POST path=/api/live/push/custom_stream_id status=0 remote_addr=[::1] time_ms=37 size=0 referer=
t=2023-06-12T10:31:02+0300 lvl=eror msg="Failed to look up user based on cookie" logger=context error="user token not found"
t=2023-06-12T10:31:02+0300 lvl=info msg="Request Completed" logger=context userId=0 orgId=1 uname= method=GET path=/api/live/ws status=0 remote_addr=[::1] time_ms=27 size=0 referer=
t=2023-06-12T10:31:02+0300 lvl=info msg="Request Completed" logger=context userId=0 orgId=1 uname= method=POST path=/api/live/push/custom_stream_id status=0 remote_addr=[::1] time_ms=38 size=0 referer=
t=2023-06-12T10:31:02+0300 lvl=info msg="Request Completed" logger=context userId=0 orgId=1 uname= method=POST path=/api/live/push/custom_stream_id status=0 remote_addr=[::1] time_ms=45 size=0 referer=
t=2023-06-12T10:31:02+0300 lvl=info msg="Request Completed" logger=context userId=0 orgId=1 uname= method=POST path=/api/live/push/custom_stream_id status=0 remote_addr=[::1] time_ms=45 size=0 referer=
t=2023-06-12T10:31:02+0300 lvl=info msg="Request Completed" logger=context userId=0 orgId=1 uname= method=POST path=/api/live/push/custom_stream_id status=0 remote_addr=[::1] time_ms=36 size=0 referer=
t=2023-06-12T10:31:03+0300 lvl=info msg="Request Completed" logger=context userId=0 orgId=1 uname= method=POST path=/api/live/push/custom_stream_id status=0 remote_addr=[::1] time_ms=25 size=0 referer=
t=2023-06-12T10:31:03+0300 lvl=eror msg="Failed to look up user based on cookie" logger=context error="user token not found"
t=2023-06-12T10:31:03+0300 lvl=info msg="Request Completed" logger=context userId=0 orgId=1 uname= method=GET path=/api/live/ws status=0 remote_addr=[::1] time_ms=8 size=0 referer=
t=2023-06-12T10:31:03+0300 lvl=eror msg="Failed to look up user based on cookie" logger=context error="user token not found"
t=2023-06-12T10:31:03+0300 lvl=info msg="Request Completed" logger=context userId=0 orgId=1 uname= method=POST path=/api/live/push/custom_stream_id status=0 remote_addr=[::1] time_ms=25 size=0 referer=
t=2023-06-12T10:31:03+0300 lvl=eror msg="Failed to look up user based on cookie" logger=context error="user token not found"
t=2023-06-12T10:31:03+0300 lvl=eror msg="Failed to look up user based on cookie" logger=context error="user token not found"
t=2023-06-12T10:31:03+0300 lvl=info msg="Request Completed" logger=context userId=0 orgId=1 uname= method=POST path=/api/live/push/custom_stream_id status=0 remote_addr=[::1] time_ms=19 size=0 referer=
t=2023-06-12T10:31:03+0300 lvl=eror msg="Failed to look up user based on cookie" logger=context error="user token not found"
t=2023-06-12T10:31:03+0300 lvl=eror msg="Failed to look up user based on cookie" logger=context error="user token not found"
t=2023-06-12T10:31:03+0300 lvl=info msg="Request Completed" logger=context userId=0 orgId=1 uname= method=POST path=/api/live/push/custom_stream_id status=0 remote_addr=[::1] time_ms=18 size=0 referer=
t=2023-06-12T10:31:03+0300 lvl=info msg="Request Completed" logger=context userId=0 orgId=1 uname= method=POST path=/api/live/push/custom_stream_id status=0 remote_addr=[::1] time_ms=18 size=0 referer=
t=2023-06-12T10:31:03+0300 lvl=info msg="Request Completed" logger=context userId=0 orgId=1 uname= method=POST path=/api/live/push/custom_stream_id status=0 remote_addr=[::1] time_ms=16 size=0 referer=
t=2023-06-12T10:31:03+0300 lvl=info msg="Request Completed" logger=context userId=0 orgId=1 uname= method=POST path=/api/live/push/custom_stream_id status=0 remote_addr=[::1] time_ms=16 size=0 referer=
t=2023-06-12T10:31:03+0300 lvl=info msg="Request Completed" logger=context userId=0 orgId=1 uname= method=POST path=/api/live/push/custom_stream_id status=0 remote_addr=[::1] time_ms=17 size=0 referer=
t=2023-06-12T10:31:03+0300 lvl=info msg="Request Completed" logger=context userId=0 orgId=1 uname= method=POST path=/api/live/push/custom_stream_id status=0 remote_addr=[::1] time_ms=17 size=0 referer=
t=2023-06-12T10:31:03+0300 lvl=info msg="Request Completed" logger=context userId=0 orgId=1 uname= method=POST path=/api/live/push/custom_stream_id status=0 remote_addr=[::1] time_ms=15 size=0 referer=
t=2023-06-12T10:31:04+0300 lvl=info msg="Request Completed" logger=context userId=0 orgId=1 uname= method=POST path=/api/live/push/custom_stream_id status=0 remote_addr=[::1] time_ms=16 size=0 referer=
t=2023-06-12T10:31:04+0300 lvl=info msg="Request Completed" logger=context userId=0 orgId=1 uname= method=POST path=/api/live/push/custom_stream_id status=0 remote_addr=[::1] time_ms=15 size=0 referer=
t=2023-06-12T10:31:04+0300 lvl=info msg="Request Completed" logger=context userId=0 orgId=1 uname= method=POST path=/api/live/push/custom_stream_id status=0 remote_addr=[::1] time_ms=15 size=0 referer=
t=2023-06-12T10:31:04+0300 lvl=info msg="Request Completed" logger=context userId=0 orgId=1 uname= method=POST path=/api/live/push/custom_stream_id status=0 remote_addr=[::1] time_ms=15 size=0 referer=
t=2023-06-12T10:31:04+0300 lvl=info msg="Request Completed" logger=context userId=0 orgId=1 uname= method=POST path=/api/live/push/custom_stream_id status=0 remote_addr=[::1] time_ms=14 size=0 referer=
t=2023-06-12T10:31:04+0300 lvl=info msg="Request Completed" logger=context userId=0 orgId=1 uname= method=POST path=/api/live/push/custom_stream_id status=0 remote_addr=[::1] time_ms=16 size=0 referer=
t=2023-06-12T10:31:04+0300 lvl=info msg="Request Completed" logger=context userId=0 orgId=1 uname= method=POST path=/api/live/push/custom_stream_id status=0 remote_addr=[::1] time_ms=16 size=0 referer=
t=2023-06-12T10:31:04+0300 lvl=info msg="Request Completed" logger=context userId=0 orgId=1 uname= method=POST path=/api/live/push/custom_stream_id status=0 remote_addr=[::1] time_ms=16 size=0 referer=
t=2023-06-12T10:31:04+0300 lvl=info msg="Request Completed" logger=context userId=0 orgId=1 uname= method=POST path=/api/live/push/custom_stream_id status=0 remote_addr=[::1] time_ms=14 size=0 referer=
t=2023-06-12T10:31:04+0300 lvl=info msg="Request Completed" logger=context userId=0 orgId=1 uname= method=POST path=/api/live/push/custom_stream_id status=0 remote_addr=[::1] time_ms=12 size=0 referer=
t=2023-06-12T10:31:05+0300 lvl=info msg="Request Completed" logger=context userId=0 orgId=1 uname= method=POST path=/api/live/push/custom_stream_id status=0 remote_addr=[::1] time_ms=17 size=0 referer=
t=2023-06-12T10:31:05+0300 lvl=info msg="Request Completed" logger=context userId=0 orgId=1 uname= method=POST path=/api/live/push/custom_stream_id status=0 remote_addr=[::1] time_ms=22 size=0 referer=
t=2023-06-12T10:31:05+0300 lvl=info msg="Request Completed" logger=context userId=0 orgId=1 uname= method=POST path=/api/live/push/custom_stream_id status=0 remote_addr=[::1] time_ms=12 size=0 referer=
t=2023-06-12T10:31:05+0300 lvl=info msg="Request Completed" logger=context userId=0 orgId=1 uname= method=POST path=/api/live/push/custom_stream_id status=0 remote_addr=[::1] time_ms=12 size=0 referer=
t=2023-06-12T10:31:05+0300 lvl=info msg="Request Completed" logger=context userId=0 orgId=1 uname= method=POST path=/api/live/push/custom_stream_id status=0 remote_addr=[::1] time_ms=15 size=0 referer=
t=2023-06-12T10:31:05+0300 lvl=eror msg="Failed to look up user based on cookie" logger=context error="user token not found"
t=2023-06-12T10:31:05+0300 lvl=eror msg="Failed to look up user based on cookie" logger=context error="user token not found"
t=2023-06-12T10:31:05+0300 lvl=eror msg="Failed to look up user based on cookie" logger=context error="user token not found"
t=2023-06-12T10:31:05+0300 lvl=info msg="Request Completed" logger=context userId=0 orgId=1 uname= method=POST path=/api/live/push/custom_stream_id status=0 remote_addr=[::1] time_ms=19 size=0 referer=
t=2023-06-12T10:31:05+0300 lvl=info msg="Request Completed" logger=context userId=0 orgId=1 uname= method=POST path=/api/live/push/custom_stream_id status=0 remote_addr=[::1] time_ms=17 size=0 referer=
t=2023-06-12T10:31:05+0300 lvl=info msg="Request Completed" logger=context userId=0 orgId=1 uname= method=POST path=/api/live/push/custom_stream_id status=0 remote_addr=[::1] time_ms=15 size=0 referer=
t=2023-06-12T10:31:05+0300 lvl=eror msg="Failed to look up user based on cookie" logger=context error="user token not found"
t=2023-06-12T10:31:05+0300 lvl=info msg="Request Completed" logger=context userId=0 orgId=1 uname= method=GET path=/api/live/ws status=0 remote_addr=[::1] time_ms=6 size=0 referer=
t=2023-06-12T10:31:05+0300 lvl=info msg="Request Completed" logger=context userId=0 orgId=1 uname= method=POST path=/api/live/push/custom_stream_id status=0 remote_addr=[::1] time_ms=17 size=0 referer=
t=2023-06-12T10:31:05+0300 lvl=info msg="Request Completed" logger=context userId=0 orgId=1 uname= method=POST path=/api/live/push/custom_stream_id status=0 remote_addr=[::1] time_ms=27 size=0 referer=
t=2023-06-12T10:31:05+0300 lvl=eror msg="Failed to look up user based on cookie" logger=context error="user token not found"
t=2023-06-12T10:31:05+0300 lvl=info msg="Request Completed" logger=context userId=0 orgId=1 uname= method=GET path=/api/live/ws status=0 remote_addr=[::1] time_ms=9 size=0 referer=
t=2023-06-12T10:31:06+0300 lvl=eror msg="Failed to look up user based on cookie" logger=context error="user token not found"
t=2023-06-12T10:31:06+0300 lvl=info msg="Request Completed" logger=context userId=0 orgId=1 uname= method=POST path=/api/live/push/custom_stream_id status=0 remote_addr=[::1] time_ms=24 size=0 referer=
t=2023-06-12T10:31:06+0300 lvl=eror msg="Failed to look up user based on cookie" logger=context error="user token not found"
t=2023-06-12T10:31:06+0300 lvl=info msg="Request Completed" logger=context userId=0 orgId=1 uname= method=POST path=/api/live/push/custom_stream_id status=0 remote_addr=[::1] time_ms=15 size=0 referer=
t=2023-06-12T10:31:06+0300 lvl=info msg="Request Completed" logger=context userId=0 orgId=1 uname= method=POST path=/api/live/push/custom_stream_id status=0 remote_addr=[::1] time_ms=21 size=0 referer=
t=2023-06-12T10:31:06+0300 lvl=eror msg="Failed to look up user based on cookie" logger=context error="user token not found"
t=2023-06-12T10:31:06+0300 lvl=info msg="Request Completed" logger=context userId=0 orgId=1 uname= method=GET path=/api/live/ws status=0 remote_addr=[::1] time_ms=9 size=0 referer=
t=2023-06-12T10:31:06+0300 lvl=eror msg="Failed to look up user based on cookie" logger=context error="user token not found"
t=2023-06-12T10:31:06+0300 lvl=eror msg="Failed to look up user based on cookie" logger=context error="user token not found"
t=2023-06-12T10:31:06+0300 lvl=info msg="Request Completed" logger=context userId=0 orgId=1 uname= method=POST path=/api/live/push/custom_stream_id status=0 remote_addr=[::1] time_ms=15 size=0 referer=
t=2023-06-12T10:31:06+0300 lvl=eror msg="Failed to look up user based on cookie" logger=context error="user token not found"
t=2023-06-12T10:31:06+0300 lvl=eror msg="Failed to look up user based on cookie" logger=context error="user token not found"
t=2023-06-12T10:31:06+0300 lvl=eror msg="Failed to look up user based on cookie" logger=context error="user token not found"
t=2023-06-12T10:31:06+0300 lvl=info msg="Request Completed" logger=context userId=0 orgId=1 uname= method=POST path=/api/live/push/custom_stream_id status=0 remote_addr=[::1] time_ms=24 size=0 referer=
t=2023-06-12T10:31:06+0300 lvl=eror msg="Failed to look up user based on cookie" logger=context error="user token not found"
t=2023-06-12T10:31:06+0300 lvl=eror msg="Failed to look up user based on cookie" logger=context error="user token not found"
t=2023-06-12T10:31:06+0300 lvl=eror msg="Failed to look up user based on cookie" logger=context error="user token not found"
t=2023-06-12T10:31:06+0300 lvl=eror msg="Failed to look up user based on cookie" logger=context error="user token not found"
t=2023-06-12T10:31:06+0300 lvl=info msg="Request Completed" logger=context userId=0 orgId=1 uname= method=POST path=/api/live/push/custom_stream_id status=0 remote_addr=[::1] time_ms=23 size=0 referer=
t=2023-06-12T10:31:06+0300 lvl=info msg="Request Completed" logger=context userId=0 orgId=1 uname= method=POST path=/api/live/push/custom_stream_id status=0 remote_addr=[::1] time_ms=17 size=0 referer=
t=2023-06-12T10:31:06+0300 lvl=info msg="Request Completed" logger=context userId=0 orgId=1 uname= method=POST path=/api/live/push/custom_stream_id status=0 remote_addr=[::1] time_ms=14 size=0 referer=
t=2023-06-12T10:31:06+0300 lvl=eror msg="Failed to look up user based on cookie" logger=context error="user token not found"
t=2023-06-12T10:31:06+0300 lvl=info msg="Request Completed" logger=context userId=0 orgId=1 uname= method=GET path=/api/live/ws status=0 remote_addr=[::1] time_ms=7 size=0 referer=
t=2023-06-12T10:31:06+0300 lvl=info msg="Request Completed" logger=context userId=0 orgId=1 uname= method=POST path=/api/live/push/custom_stream_id status=0 remote_addr=[::1] time_ms=23 size=0 referer=
t=2023-06-12T10:31:06+0300 lvl=eror msg="Failed to look up user based on cookie" logger=context error="user token not found"
t=2023-06-12T10:31:06+0300 lvl=eror msg="Failed to look up user based on cookie" logger=context error="user token not found"
t=2023-06-12T10:31:06+0300 lvl=eror msg="Failed to look up user based on cookie" logger=context error="user token not found"
t=2023-06-12T10:31:06+0300 lvl=eror msg="Failed to look up user based on cookie" logger=context error="user token not found"
t=2023-06-12T10:31:06+0300 lvl=eror msg="Failed to look up user based on cookie" logger=context error="user token not found"
t=2023-06-12T10:31:06+0300 lvl=info msg="Request Completed" logger=context userId=0 orgId=1 uname= method=POST path=/api/live/push/custom_stream_id status=0 remote_addr=[::1] time_ms=28 size=0 referer=
t=2023-06-12T10:31:07+0300 lvl=info msg="Request Completed" logger=context userId=0 orgId=1 uname= method=POST path=/api/live/push/custom_stream_id status=0 remote_addr=[::1] time_ms=38 size=0 referer=
t=2023-06-12T10:31:07+0300 lvl=info msg="Request Completed" logger=context userId=0 orgId=1 uname= method=POST path=/api/live/push/custom_stream_id status=0 remote_addr=[::1] time_ms=15 size=0 referer=
t=2023-06-12T10:31:07+0300 lvl=info msg="Request Completed" logger=context userId=0 orgId=1 uname= method=POST path=/api/live/push/custom_stream_id status=0 remote_addr=[::1] time_ms=22 size=0 referer=
t=2023-06-12T10:31:07+0300 lvl=eror msg="Failed to look up user based on cookie" logger=context error="user token not found"
t=2023-06-12T10:31:07+0300 lvl=info msg="Request Completed" logger=context userId=0 orgId=1 uname= method=GET path=/api/live/ws status=0 remote_addr=[::1] time_ms=9 size=0 referer=
t=2023-06-12T10:31:07+0300 lvl=info msg="Request Completed" logger=context userId=0 orgId=1 uname= method=POST path=/api/live/push/custom_stream_id status=0 remote_addr=[::1] time_ms=24 size=0 referer=
t=2023-06-12T10:31:07+0300 lvl=info msg="Request Completed" logger=context userId=0 orgId=1 uname= method=POST path=/api/live/push/custom_stream_id status=0 remote_addr=[::1] time_ms=35 size=0 referer=
t=2023-06-12T10:31:07+0300 lvl=info msg="Request Completed" logger=context userId=0 orgId=1 uname= method=POST path=/api/live/push/custom_stream_id status=0 remote_addr=[::1] time_ms=24 size=0 referer=
t=2023-06-12T10:31:07+0300 lvl=eror msg="Failed to look up user based on cookie" logger=context error="user token not found"
t=2023-06-12T10:31:07+0300 lvl=info msg="Request Completed" logger=context userId=0 orgId=1 uname= method=POST path=/api/live/push/custom_stream_id status=0 remote_addr=[::1] time_ms=15 size=0 referer=
t=2023-06-12T10:31:07+0300 lvl=eror msg="Failed to look up user based on cookie" logger=context error="user token not found"
t=2023-06-12T10:31:07+0300 lvl=info msg="Request Completed" logger=context userId=0 orgId=1 uname= method=POST path=/api/live/push/custom_stream_id status=0 remote_addr=[::1] time_ms=17 size=0 referer=
t=2023-06-12T10:31:07+0300 lvl=info msg="Request Completed" logger=context userId=0 orgId=1 uname= method=GET path=/api/live/ws status=0 remote_addr=[::1] time_ms=7 size=0 referer=
t=2023-06-12T10:31:07+0300 lvl=info msg="Request Completed" logger=context userId=0 orgId=1 uname= method=POST path=/api/live/push/custom_stream_id status=0 remote_addr=[::1] time_ms=16 size=0 referer=
t=2023-06-12T10:31:07+0300 lvl=eror msg="Failed to look up user based on cookie" logger=context error="user token not found"
t=2023-06-12T10:31:07+0300 lvl=info msg="Request Completed" logger=context userId=0 orgId=1 uname= method=GET path=/api/live/ws status=0 remote_addr=[::1] time_ms=7 size=0 referer=
t=2023-06-12T10:31:07+0300 lvl=info msg="Request Completed" logger=context userId=0 orgId=1 uname= method=POST path=/api/live/push/custom_stream_id status=0 remote_addr=[::1] time_ms=19 size=0 referer=
t=2023-06-12T10:31:08+0300 lvl=info msg="Request Completed" logger=context userId=0 orgId=1 uname= method=POST path=/api/live/push/custom_stream_id status=0 remote_addr=[::1] time_ms=22 size=0 referer=
t=2023-06-12T10:31:08+0300 lvl=eror msg="Failed to look up user based on cookie" logger=context error="user token not found"
t=2023-06-12T10:31:08+0300 lvl=eror msg="Failed to look up user based on cookie" logger=context error="user token not found"
t=2023-06-12T10:31:08+0300 lvl=eror msg="Failed to look up user based on cookie" logger=context error="user token not found"
t=2023-06-12T10:31:08+0300 lvl=eror msg="Failed to look up user based on cookie" logger=context error="user token not found"
t=2023-06-12T10:31:08+0300 lvl=eror msg="Failed to look up user based on cookie" logger=context error="user token not found"
t=2023-06-12T10:31:08+0300 lvl=eror msg="Failed to look up user based on cookie" logger=context error="user token not found"
t=2023-06-12T10:31:08+0300 lvl=info msg="Request Completed" logger=context userId=0 orgId=1 uname= method=POST path=/api/live/push/custom_stream_id status=0 remote_addr=[::1] time_ms=39 size=0 referer=
t=2023-06-12T10:31:08+0300 lvl=info msg="Request Completed" logger=context userId=0 orgId=1 uname= method=POST path=/api/live/push/custom_stream_id status=0 remote_addr=[::1] time_ms=23 size=0 referer=
t=2023-06-12T10:31:08+0300 lvl=info msg="Request Completed" logger=context userId=0 orgId=1 uname= method=POST path=/api/live/push/custom_stream_id status=0 remote_addr=[::1] time_ms=27 size=0 referer=
t=2023-06-12T10:31:08+0300 lvl=info msg="Request Completed" logger=context userId=0 orgId=1 uname= method=POST path=/api/live/push/custom_stream_id status=0 remote_addr=[::1] time_ms=19 size=0 referer=
t=2023-06-12T10:31:08+0300 lvl=eror msg="Failed to look up user based on cookie" logger=context error="user token not found"
t=2023-06-12T10:31:08+0300 lvl=info msg="Request Completed" logger=context userId=0 orgId=1 uname= method=GET path=/api/live/ws status=0 remote_addr=[::1] time_ms=6 size=0 referer=
t=2023-06-12T10:31:08+0300 lvl=info msg="Request Completed" logger=context userId=0 orgId=1 uname= method=POST path=/api/live/push/custom_stream_id status=0 remote_addr=[::1] time_ms=17 size=0 referer=
t=2023-06-12T10:31:08+0300 lvl=info msg="Request Completed" logger=context userId=0 orgId=1 uname= method=POST path=/api/live/push/custom_stream_id status=0 remote_addr=[::1] time_ms=17 size=0 referer=
t=2023-06-12T10:31:08+0300 lvl=info msg="Request Completed" logger=context userId=0 orgId=1 uname= method=POST path=/api/live/push/custom_stream_id status=0 remote_addr=[::1] time_ms=16 size=0 referer=
t=2023-06-12T10:31:08+0300 lvl=eror msg="Failed to look up user based on cookie" logger=context error="user token not found"
t=2023-06-12T10:31:08+0300 lvl=info msg="Request Completed" logger=context userId=0 orgId=1 uname= method=GET path=/api/live/ws status=0 remote_addr=[::1] time_ms=7 size=0 referer=
t=2023-06-12T10:31:08+0300 lvl=info msg="Request Completed" logger=context userId=0 orgId=1 uname= method=POST path=/api/live/push/custom_stream_id status=0 remote_addr=[::1] time_ms=22 size=0 referer=
t=2023-06-12T10:31:09+0300 lvl=info msg="Request Completed" logger=context userId=0 orgId=1 uname= method=POST path=/api/live/push/custom_stream_id status=0 remote_addr=[::1] time_ms=24 size=0 referer=
t=2023-06-12T10:31:09+0300 lvl=eror msg="Failed to look up user based on cookie" logger=context error="user token not found"
t=2023-06-12T10:31:09+0300 lvl=info msg="Request Completed" logger=context userId=0 orgId=1 uname= method=POST path=/api/live/push/custom_stream_id status=0 remote_addr=[::1] time_ms=23 size=0 referer=
t=2023-06-12T10:31:09+0300 lvl=info msg="Request Completed" logger=context userId=0 orgId=1 uname= method=POST path=/api/live/push/custom_stream_id status=0 remote_addr=[::1] time_ms=23 size=0 referer=
t=2023-06-12T10:31:09+0300 lvl=eror msg="Failed to look up user based on cookie" logger=context error="user token not found"
t=2023-06-12T10:31:09+0300 lvl=info msg="Request Completed" logger=context userId=0 orgId=1 uname= method=GET path=/api/live/ws status=0 remote_addr=[::1] time_ms=9 size=0 referer=
t=2023-06-12T10:31:09+0300 lvl=eror msg="Failed to look up user based on cookie" logger=context error="user token not found"
t=2023-06-12T10:31:09+0300 lvl=info msg="Request Completed" logger=context userId=0 orgId=1 uname= method=POST path=/api/live/push/custom_stream_id status=0 remote_addr=[::1] time_ms=21 size=0 referer=
t=2023-06-12T10:31:09+0300 lvl=info msg="Request Completed" logger=context userId=0 orgId=1 uname= method=POST path=/api/live/push/custom_stream_id status=0 remote_addr=[::1] time_ms=18 size=0 referer=
t=2023-06-12T10:31:09+0300 lvl=eror msg="Failed to look up user based on cookie" logger=context error="user token not found"
t=2023-06-12T10:31:09+0300 lvl=info msg="Request Completed" logger=context userId=0 orgId=1 uname= method=GET path=/api/live/ws status=0 remote_addr=[::1] time_ms=7 size=0 referer=
t=2023-06-12T10:31:09+0300 lvl=info msg="Request Completed" logger=context userId=0 orgId=1 uname= method=POST path=/api/live/push/custom_stream_id status=0 remote_addr=[::1] time_ms=20 size=0 referer=
t=2023-06-12T10:31:09+0300 lvl=info msg="Request Completed" logger=context userId=0 orgId=1 uname= method=POST path=/api/live/push/custom_stream_id status=0 remote_addr=[::1] time_ms=20 size=0 referer=
t=2023-06-12T10:31:09+0300 lvl=info msg="Request Completed" logger=context userId=0 orgId=1 uname= method=POST path=/api/live/push/custom_stream_id status=0 remote_addr=[::1] time_ms=21 size=0 referer=
t=2023-06-12T10:31:09+0300 lvl=eror msg="Failed to look up user based on cookie" logger=context error="user token not found"
t=2023-06-12T10:31:09+0300 lvl=info msg="Request Completed" logger=context userId=0 orgId=1 uname= method=GET path=/api/live/ws status=0 remote_addr=[::1] time_ms=9 size=0 referer=
t=2023-06-12T10:31:09+0300 lvl=info msg="Request Completed" logger=context userId=0 orgId=1 uname= method=POST path=/api/live/push/custom_stream_id status=0 remote_addr=[::1] time_ms=20 size=0 referer=
t=2023-06-12T10:31:09+0300 lvl=info msg="Request Completed" logger=context userId=0 orgId=1 uname= method=POST path=/api/live/push/custom_stream_id status=0 remote_addr=[::1] time_ms=23 size=0 referer=
t=2023-06-12T10:31:09+0300 lvl=eror msg="Failed to look up user based on cookie" logger=context error="user token not found"
t=2023-06-12T10:31:09+0300 lvl=info msg="Request Completed" logger=context userId=0 orgId=1 uname= method=GET path=/api/live/ws status=0 remote_addr=[::1] time_ms=7 size=0 referer=
t=2023-06-12T10:31:09+0300 lvl=eror msg="Failed to look up user based on cookie" logger=context error="user token not found"
t=2023-06-12T10:31:10+0300 lvl=eror msg="Failed to look up user based on cookie" logger=context error="user token not found"
t=2023-06-12T10:31:10+0300 lvl=info msg="Request Completed" logger=context userId=0 orgId=1 uname= method=POST path=/api/live/push/custom_stream_id status=0 remote_addr=[::1] time_ms=24 size=0 referer=
t=2023-06-12T10:31:10+0300 lvl=eror msg="Failed to look up user based on cookie" logger=context error="user token not found"
t=2023-06-12T10:31:10+0300 lvl=eror msg="Failed to look up user based on cookie" logger=context error="user token not found"
t=2023-06-12T10:31:10+0300 lvl=eror msg="Failed to look up user based on cookie" logger=context error="user token not found"
t=2023-06-12T10:31:10+0300 lvl=info msg="Request Completed" logger=context userId=0 orgId=1 uname= method=POST path=/api/live/push/custom_stream_id status=0 remote_addr=[::1] time_ms=22 size=0 referer=
t=2023-06-12T10:31:10+0300 lvl=eror msg="Failed to look up user based on cookie" logger=context error="user token not found"
t=2023-06-12T10:31:10+0300 lvl=eror msg="Failed to look up user based on cookie" logger=context error="user token not found"
t=2023-06-12T10:31:10+0300 lvl=eror msg="Failed to look up user based on cookie" logger=context error="user token not found"
t=2023-06-12T10:31:10+0300 lvl=eror msg="Failed to look up user based on cookie" logger=context error="user token not found"
t=2023-06-12T10:31:10+0300 lvl=eror msg="Failed to look up user based on cookie" logger=context error="user token not found"
t=2023-06-12T10:31:10+0300 lvl=info msg="Request Completed" logger=context userId=0 orgId=1 uname= method=POST path=/api/live/push/custom_stream_id status=0 remote_addr=[::1] time_ms=39 size=0 referer=
t=2023-06-12T10:31:10+0300 lvl=eror msg="Failed to look up user based on cookie" logger=context error="user token not found"
t=2023-06-12T10:31:10+0300 lvl=eror msg="Failed to look up user based on cookie" logger=context error="user token not found"
t=2023-06-12T10:31:10+0300 lvl=info msg="Request Completed" logger=context userId=0 orgId=1 uname= method=POST path=/api/live/push/custom_stream_id status=0 remote_addr=[::1] time_ms=18 size=0 referer=
t=2023-06-12T10:31:10+0300 lvl=eror msg="Failed to look up user based on cookie" logger=context error="user token not found"
t=2023-06-12T10:31:10+0300 lvl=eror msg="Failed to look up user based on cookie" logger=context error="user token not found"
t=2023-06-12T10:31:10+0300 lvl=eror msg="Failed to look up user based on cookie" logger=context error="user token not found"
t=2023-06-12T10:31:10+0300 lvl=info msg="Request Completed" logger=context userId=0 orgId=1 uname= method=POST path=/api/live/push/custom_stream_id status=0 remote_addr=[::1] time_ms=29 size=0 referer=
t=2023-06-12T10:31:10+0300 lvl=info msg="Request Completed" logger=context userId=0 orgId=1 uname= method=POST path=/api/live/push/custom_stream_id status=0 remote_addr=[::1] time_ms=15 size=0 referer=
t=2023-06-12T10:31:10+0300 lvl=info msg="Request Completed" logger=context userId=0 orgId=1 uname= method=POST path=/api/live/push/custom_stream_id status=0 remote_addr=[::1] time_ms=20 size=0 referer=
t=2023-06-12T10:31:10+0300 lvl=info msg="Request Completed" logger=context userId=0 orgId=1 uname= method=POST path=/api/live/push/custom_stream_id status=0 remote_addr=[::1] time_ms=16 size=0 referer=
t=2023-06-12T10:31:10+0300 lvl=info msg="Request Completed" logger=context userId=0 orgId=1 uname= method=POST path=/api/live/push/custom_stream_id status=0 remote_addr=[::1] time_ms=17 size=0 referer=
t=2023-06-12T10:31:10+0300 lvl=info msg="Request Completed" logger=context userId=0 orgId=1 uname= method=POST path=/api/live/push/custom_stream_id status=0 remote_addr=[::1] time_ms=19 size=0 referer=
t=2023-06-12T10:31:11+0300 lvl=info msg="Request Completed" logger=context userId=0 orgId=1 uname= method=POST path=/api/live/push/custom_stream_id status=0 remote_addr=[::1] time_ms=15 size=0 referer=
t=2023-06-12T10:31:11+0300 lvl=info msg="Request Completed" logger=context userId=0 orgId=1 uname= method=POST path=/api/live/push/custom_stream_id status=0 remote_addr=[::1] time_ms=12 size=0 referer=
t=2023-06-12T10:31:11+0300 lvl=info msg="Request Completed" logger=context userId=0 orgId=1 uname= method=POST path=/api/live/push/custom_stream_id status=0 remote_addr=[::1] time_ms=14 size=0 referer=
t=2023-06-12T10:31:11+0300 lvl=info msg="Request Completed" logger=context userId=0 orgId=1 uname= method=POST path=/api/live/push/custom_stream_id status=0 remote_addr=[::1] time_ms=13 size=0 referer=
t=2023-06-12T10:31:11+0300 lvl=info msg="Request Completed" logger=context userId=0 orgId=1 uname= method=POST path=/api/live/push/custom_stream_id status=0 remote_addr=[::1] time_ms=14 size=0 referer=
t=2023-06-12T10:31:11+0300 lvl=info msg="Request Completed" logger=context userId=0 orgId=1 uname= method=POST path=/api/live/push/custom_stream_id status=0 remote_addr=[::1] time_ms=15 size=0 referer=
t=2023-06-12T10:31:11+0300 lvl=info msg="Request Completed" logger=context userId=0 orgId=1 uname= method=POST path=/api/live/push/custom_stream_id status=0 remote_addr=[::1] time_ms=14 size=0 referer=
t=2023-06-12T10:31:11+0300 lvl=info msg="Request Completed" logger=context userId=0 orgId=1 uname= method=POST path=/api/live/push/custom_stream_id status=0 remote_addr=[::1] time_ms=13 size=0 referer=
t=2023-06-12T10:31:11+0300 lvl=info msg="Request Completed" logger=context userId=0 orgId=1 uname= method=POST path=/api/live/push/custom_stream_id status=0 remote_addr=[::1] time_ms=16 size=0 referer=
t=2023-06-12T10:31:11+0300 lvl=info msg="Request Completed" logger=context userId=0 orgId=1 uname= method=POST path=/api/live/push/custom_stream_id status=0 remote_addr=[::1] time_ms=18 size=0 referer=
t=2023-06-12T10:31:12+0300 lvl=info msg="Request Completed" logger=context userId=0 orgId=1 uname= method=POST path=/api/live/push/custom_stream_id status=0 remote_addr=[::1] time_ms=15 size=0 referer=
t=2023-06-12T10:31:12+0300 lvl=info msg="Request Completed" logger=context userId=0 orgId=1 uname= method=POST path=/api/live/push/custom_stream_id status=0 remote_addr=[::1] time_ms=15 size=0 referer=
t=2023-06-12T10:31:12+0300 lvl=info msg="Request Completed" logger=context userId=0 orgId=1 uname= method=POST path=/api/live/push/custom_stream_id status=0 remote_addr=[::1] time_ms=17 size=0 referer=
t=2023-06-12T10:31:12+0300 lvl=info msg="Request Completed" logger=context userId=0 orgId=1 uname= method=POST path=/api/live/push/custom_stream_id status=0 remote_addr=[::1] time_ms=13 size=0 referer=
t=2023-06-12T10:31:12+0300 lvl=info msg="Request Completed" logger=context userId=0 orgId=1 uname= method=POST path=/api/live/push/custom_stream_id status=0 remote_addr=[::1] time_ms=15 size=0 referer=
t=2023-06-12T10:31:12+0300 lvl=info msg="Request Completed" logger=context userId=0 orgId=1 uname= method=POST path=/api/live/push/custom_stream_id status=0 remote_addr=[::1] time_ms=13 size=0 referer=
t=2023-06-12T10:31:12+0300 lvl=info msg="Request Completed" logger=context userId=0 orgId=1 uname= method=POST path=/api/live/push/custom_stream_id status=0 remote_addr=[::1] time_ms=20 size=0 referer=
t=2023-06-12T10:31:12+0300 lvl=info msg="Request Completed" logger=context userId=0 orgId=1 uname= method=POST path=/api/live/push/custom_stream_id status=0 remote_addr=[::1] time_ms=18 size=0 referer=
t=2023-06-12T10:31:12+0300 lvl=info msg="Request Completed" logger=context userId=0 orgId=1 uname= method=POST path=/api/live/push/custom_stream_id status=0 remote_addr=[::1] time_ms=17 size=0 referer=
t=2023-06-12T10:31:12+0300 lvl=info msg="Request Completed" logger=context userId=0 orgId=1 uname= method=POST path=/api/live/push/custom_stream_id status=0 remote_addr=[::1] time_ms=17 size=0 referer=
t=2023-06-12T10:31:13+0300 lvl=info msg="Request Completed" logger=context userId=0 orgId=1 uname= method=POST path=/api/live/push/custom_stream_id status=0 remote_addr=[::1] time_ms=19 size=0 referer=
t=2023-06-12T10:31:13+0300 lvl=info msg="Request Completed" logger=context userId=0 orgId=1 uname= method=POST path=/api/live/push/custom_stream_id status=0 remote_addr=[::1] time_ms=16 size=0 referer=
t=2023-06-12T10:31:13+0300 lvl=info msg="Request Completed" logger=context userId=0 orgId=1 uname= method=POST path=/api/live/push/custom_stream_id status=0 remote_addr=[::1] time_ms=16 size=0 referer=
t=2023-06-12T10:31:13+0300 lvl=info msg="Request Completed" logger=context userId=0 orgId=1 uname= method=POST path=/api/live/push/custom_stream_id status=0 remote_addr=[::1] time_ms=13 size=0 referer=
t=2023-06-12T10:31:13+0300 lvl=info msg="Request Completed" logger=context userId=0 orgId=1 uname= method=POST path=/api/live/push/custom_stream_id status=0 remote_addr=[::1] time_ms=14 size=0 referer=
t=2023-06-12T10:31:13+0300 lvl=info msg="Request Completed" logger=context userId=0 orgId=1 uname= method=POST path=/api/live/push/custom_stream_id status=0 remote_addr=[::1] time_ms=22 size=0 referer=
t=2023-06-12T10:31:13+0300 lvl=info msg="Request Completed" logger=context userId=0 orgId=1 uname= method=POST path=/api/live/push/custom_stream_id status=0 remote_addr=[::1] time_ms=20 size=0 referer=
t=2023-06-12T10:31:13+0300 lvl=info msg="Request Completed" logger=context userId=0 orgId=1 uname= method=POST path=/api/live/push/custom_stream_id status=0 remote_addr=[::1] time_ms=17 size=0 referer=
t=2023-06-12T10:31:13+0300 lvl=info msg="Request Completed" logger=context userId=0 orgId=1 uname= method=POST path=/api/live/push/custom_stream_id status=0 remote_addr=[::1] time_ms=18 size=0 referer=
t=2023-06-12T10:31:13+0300 lvl=info msg="Request Completed" logger=context userId=0 orgId=1 uname= method=POST path=/api/live/push/custom_stream_id status=0 remote_addr=[::1] time_ms=20 size=0 referer=
t=2023-06-12T10:31:14+0300 lvl=info msg="Request Completed" logger=context userId=0 orgId=1 uname= method=POST path=/api/live/push/custom_stream_id status=0 remote_addr=[::1] time_ms=19 size=0 referer=
t=2023-06-12T10:31:14+0300 lvl=info msg="Request Completed" logger=context userId=0 orgId=1 uname= method=POST path=/api/live/push/custom_stream_id status=0 remote_addr=[::1] time_ms=17 size=0 referer=
t=2023-06-12T10:31:14+0300 lvl=info msg="Request Completed" logger=context userId=0 orgId=1 uname= method=POST path=/api/live/push/custom_stream_id status=0 remote_addr=[::1] time_ms=19 size=0 referer=
t=2023-06-12T10:31:14+0300 lvl=info msg="Request Completed" logger=context userId=0 orgId=1 uname= method=POST path=/api/live/push/custom_stream_id status=0 remote_addr=[::1] time_ms=15 size=0 referer=
t=2023-06-12T10:31:14+0300 lvl=info msg="Request Completed" logger=context userId=0 orgId=1 uname= method=POST path=/api/live/push/custom_stream_id status=0 remote_addr=[::1] time_ms=14 size=0 referer=
t=2023-06-12T10:31:14+0300 lvl=info msg="Request Completed" logger=context userId=0 orgId=1 uname= method=POST path=/api/live/push/custom_stream_id status=0 remote_addr=[::1] time_ms=17 size=0 referer=
t=2023-06-12T10:31:14+0300 lvl=info msg="Request Completed" logger=context userId=0 orgId=1 uname= method=POST path=/api/live/push/custom_stream_id status=0 remote_addr=[::1] time_ms=19 size=0 referer=
t=2023-06-12T10:31:14+0300 lvl=info msg="Request Completed" logger=context userId=0 orgId=1 uname= method=POST path=/api/live/push/custom_stream_id status=0 remote_addr=[::1] time_ms=18 size=0 referer=
t=2023-06-12T10:31:14+0300 lvl=info msg="Request Completed" logger=context userId=0 orgId=1 uname= method=POST path=/api/live/push/custom_stream_id status=0 remote_addr=[::1] time_ms=16 size=0 referer=
t=2023-06-12T10:31:14+0300 lvl=info msg="Request Completed" logger=context userId=0 orgId=1 uname= method=POST path=/api/live/push/custom_stream_id status=0 remote_addr=[::1] time_ms=16 size=0 referer=
t=2023-06-12T10:31:15+0300 lvl=info msg="Request Completed" logger=context userId=0 orgId=1 uname= method=POST path=/api/live/push/custom_stream_id status=0 remote_addr=[::1] time_ms=18 size=0 referer=
t=2023-06-12T10:31:15+0300 lvl=info msg="Request Completed" logger=context userId=0 orgId=1 uname= method=POST path=/api/live/push/custom_stream_id status=0 remote_addr=[::1] time_ms=18 size=0 referer=
t=2023-06-12T10:31:15+0300 lvl=info msg="Request Completed" logger=context userId=0 orgId=1 uname= method=POST path=/api/live/push/custom_stream_id status=0 remote_addr=[::1] time_ms=18 size=0 referer=
t=2023-06-12T10:31:15+0300 lvl=info msg="Request Completed" logger=context userId=0 orgId=1 uname= method=POST path=/api/live/push/custom_stream_id status=0 remote_addr=[::1] time_ms=15 size=0 referer=
t=2023-06-12T10:31:15+0300 lvl=info msg="Request Completed" logger=context userId=0 orgId=1 uname= method=POST path=/api/live/push/custom_stream_id status=0 remote_addr=[::1] time_ms=11 size=0 referer=
t=2023-06-12T10:31:15+0300 lvl=info msg="Request Completed" logger=context userId=0 orgId=1 uname= method=POST path=/api/live/push/custom_stream_id status=0 remote_addr=[::1] time_ms=17 size=0 referer=
t=2023-06-12T10:31:15+0300 lvl=info msg="Request Completed" logger=context userId=0 orgId=1 uname= method=POST path=/api/live/push/custom_stream_id status=0 remote_addr=[::1] time_ms=18 size=0 referer=
t=2023-06-12T10:31:15+0300 lvl=info msg="Request Completed" logger=context userId=0 orgId=1 uname= method=POST path=/api/live/push/custom_stream_id status=0 remote_addr=[::1] time_ms=18 size=0 referer=
t=2023-06-12T10:31:15+0300 lvl=info msg="Request Completed" logger=context userId=0 orgId=1 uname= method=POST path=/api/live/push/custom_stream_id status=0 remote_addr=[::1] time_ms=13 size=0 referer=
t=2023-06-12T10:31:15+0300 lvl=info msg="Request Completed" logger=context userId=0 orgId=1 uname= method=POST path=/api/live/push/custom_stream_id status=0 remote_addr=[::1] time_ms=14 size=0 referer=
t=2023-06-12T10:31:16+0300 lvl=info msg="Request Completed" logger=context userId=0 orgId=1 uname= method=POST path=/api/live/push/custom_stream_id status=0 remote_addr=[::1] time_ms=25 size=0 referer=
t=2023-06-12T10:31:16+0300 lvl=info msg="Request Completed" logger=context userId=0 orgId=1 uname= method=POST path=/api/live/push/custom_stream_id status=0 remote_addr=[::1] time_ms=16 size=0 referer=
t=2023-06-12T10:31:16+0300 lvl=info msg="Request Completed" logger=context userId=0 orgId=1 uname= method=POST path=/api/live/push/custom_stream_id status=0 remote_addr=[::1] time_ms=30 size=0 referer=
t=2023-06-12T10:31:16+0300 lvl=info msg="Request Completed" logger=context userId=0 orgId=1 uname= method=POST path=/api/live/push/custom_stream_id status=0 remote_addr=[::1] time_ms=11 size=0 referer=
t=2023-06-12T10:31:16+0300 lvl=info msg="Request Completed" logger=context userId=0 orgId=1 uname= method=POST path=/api/live/push/custom_stream_id status=0 remote_addr=[::1] time_ms=16 size=0 referer=
t=2023-06-12T10:31:16+0300 lvl=info msg="Request Completed" logger=context userId=0 orgId=1 uname= method=POST path=/api/live/push/custom_stream_id status=0 remote_addr=[::1] time_ms=19 size=0 referer=
t=2023-06-12T10:31:16+0300 lvl=info msg="Request Completed" logger=context userId=0 orgId=1 uname= method=POST path=/api/live/push/custom_stream_id status=0 remote_addr=[::1] time_ms=15 size=0 referer=
t=2023-06-12T10:31:16+0300 lvl=info msg="Request Completed" logger=context userId=0 orgId=1 uname= method=POST path=/api/live/push/custom_stream_id status=0 remote_addr=[::1] time_ms=12 size=0 referer=
t=2023-06-12T10:31:16+0300 lvl=info msg="Request Completed" logger=context userId=0 orgId=1 uname= method=POST path=/api/live/push/custom_stream_id status=0 remote_addr=[::1] time_ms=11 size=0 referer=
t=2023-06-12T10:31:17+0300 lvl=info msg="Request Completed" logger=context userId=0 orgId=1 uname= method=POST path=/api/live/push/custom_stream_id status=0 remote_addr=[::1] time_ms=12 size=0 referer=
t=2023-06-12T10:31:17+0300 lvl=info msg="Request Completed" logger=context userId=0 orgId=1 uname= method=POST path=/api/live/push/custom_stream_id status=0 remote_addr=[::1] time_ms=11 size=0 referer=
t=2023-06-12T10:31:17+0300 lvl=info msg="Request Completed" logger=context userId=0 orgId=1 uname= method=POST path=/api/live/push/custom_stream_id status=0 remote_addr=[::1] time_ms=18 size=0 referer=
t=2023-06-12T10:31:17+0300 lvl=info msg="Request Completed" logger=context userId=0 orgId=1 uname= method=POST path=/api/live/push/custom_stream_id status=0 remote_addr=[::1] time_ms=13 size=0 referer=
t=2023-06-12T10:31:17+0300 lvl=info msg="Request Completed" logger=context userId=0 orgId=1 uname= method=POST path=/api/live/push/custom_stream_id status=0 remote_addr=[::1] time_ms=19 size=0 referer=
t=2023-06-12T10:31:17+0300 lvl=info msg="Request Completed" logger=context userId=0 orgId=1 uname= method=POST path=/api/live/push/custom_stream_id status=0 remote_addr=[::1] time_ms=14 size=0 referer=
t=2023-06-12T10:31:17+0300 lvl=info msg="Request Completed" logger=context userId=0 orgId=1 uname= method=POST path=/api/live/push/custom_stream_id status=0 remote_addr=[::1] time_ms=10 size=0 referer=
t=2023-06-12T10:31:17+0300 lvl=info msg="Request Completed" logger=context userId=0 orgId=1 uname= method=POST path=/api/live/push/custom_stream_id status=0 remote_addr=[::1] time_ms=10 size=0 referer=
t=2023-06-12T10:31:17+0300 lvl=info msg="Request Completed" logger=context userId=0 orgId=1 uname= method=POST path=/api/live/push/custom_stream_id status=0 remote_addr=[::1] time_ms=11 size=0 referer=
t=2023-06-12T10:31:17+0300 lvl=info msg="Request Completed" logger=context userId=0 orgId=1 uname= method=POST path=/api/live/push/custom_stream_id status=0 remote_addr=[::1] time_ms=12 size=0 referer=
t=2023-06-12T10:31:18+0300 lvl=info msg="Request Completed" logger=context userId=0 orgId=1 uname= method=POST path=/api/live/push/custom_stream_id status=0 remote_addr=[::1] time_ms=12 size=0 referer=
t=2023-06-12T10:31:18+0300 lvl=info msg="Request Completed" logger=context userId=0 orgId=1 uname= method=POST path=/api/live/push/custom_stream_id status=0 remote_addr=[::1] time_ms=10 size=0 referer=
t=2023-06-12T10:31:18+0300 lvl=info msg="Request Completed" logger=context userId=0 orgId=1 uname= method=POST path=/api/live/push/custom_stream_id status=0 remote_addr=[::1] time_ms=11 size=0 referer=
t=2023-06-12T10:31:18+0300 lvl=info msg="Request Completed" logger=context userId=0 orgId=1 uname= method=POST path=/api/live/push/custom_stream_id status=0 remote_addr=[::1] time_ms=11 size=0 referer=
t=2023-06-12T10:31:18+0300 lvl=info msg="Request Completed" logger=context userId=0 orgId=1 uname= method=POST path=/api/live/push/custom_stream_id status=0 remote_addr=[::1] time_ms=11 size=0 referer=
t=2023-06-12T10:31:18+0300 lvl=info msg="Request Completed" logger=context userId=0 orgId=1 uname= method=POST path=/api/live/push/custom_stream_id status=0 remote_addr=[::1] time_ms=10 size=0 referer=
t=2023-06-12T10:31:18+0300 lvl=info msg="Request Completed" logger=context userId=0 orgId=1 uname= method=POST path=/api/live/push/custom_stream_id status=0 remote_addr=[::1] time_ms=11 size=0 referer=
t=2023-06-12T10:31:18+0300 lvl=info msg="Request Completed" logger=context userId=0 orgId=1 uname= method=POST path=/api/live/push/custom_stream_id status=0 remote_addr=[::1] time_ms=11 size=0 referer=
t=2023-06-12T10:31:18+0300 lvl=info msg="Request Completed" logger=context userId=0 orgId=1 uname= method=POST path=/api/live/push/custom_stream_id status=0 remote_addr=[::1] time_ms=16 size=0 referer=
t=2023-06-12T10:31:18+0300 lvl=info msg="Request Completed" logger=context userId=0 orgId=1 uname= method=POST path=/api/live/push/custom_stream_id status=0 remote_addr=[::1] time_ms=14 size=0 referer=
t=2023-06-12T10:31:19+0300 lvl=info msg="Request Completed" logger=context userId=0 orgId=1 uname= method=POST path=/api/live/push/custom_stream_id status=0 remote_addr=[::1] time_ms=17 size=0 referer=
t=2023-06-12T10:31:19+0300 lvl=info msg="Request Completed" logger=context userId=0 orgId=1 uname= method=POST path=/api/live/push/custom_stream_id status=0 remote_addr=[::1] time_ms=15 size=0 referer=
t=2023-06-12T10:31:19+0300 lvl=info msg="Request Completed" logger=context userId=0 orgId=1 uname= method=POST path=/api/live/push/custom_stream_id status=0 remote_addr=[::1] time_ms=21 size=0 referer=
t=2023-06-12T10:31:19+0300 lvl=info msg="Request Completed" logger=context userId=0 orgId=1 uname= method=POST path=/api/live/push/custom_stream_id status=0 remote_addr=[::1] time_ms=14 size=0 referer=
t=2023-06-12T10:31:19+0300 lvl=info msg="Request Completed" logger=context userId=0 orgId=1 uname= method=POST path=/api/live/push/custom_stream_id status=0 remote_addr=[::1] time_ms=15 size=0 referer=
t=2023-06-12T10:31:19+0300 lvl=info msg="Request Completed" logger=context userId=0 orgId=1 uname= method=POST path=/api/live/push/custom_stream_id status=0 remote_addr=[::1] time_ms=11 size=0 referer=
t=2023-06-12T10:31:19+0300 lvl=info msg="Request Completed" logger=context userId=0 orgId=1 uname= method=POST path=/api/live/push/custom_stream_id status=0 remote_addr=[::1] time_ms=10 size=0 referer=
t=2023-06-12T10:31:19+0300 lvl=info msg="Request Completed" logger=context userId=0 orgId=1 uname= method=POST path=/api/live/push/custom_stream_id status=0 remote_addr=[::1] time_ms=12 size=0 referer=
t=2023-06-12T10:31:19+0300 lvl=info msg="Request Completed" logger=context userId=0 orgId=1 uname= method=POST path=/api/live/push/custom_stream_id status=0 remote_addr=[::1] time_ms=14 size=0 referer=
t=2023-06-12T10:31:19+0300 lvl=info msg="Request Completed" logger=context userId=0 orgId=1 uname= method=POST path=/api/live/push/custom_stream_id status=0 remote_addr=[::1] time_ms=15 size=0 referer=
t=2023-06-12T10:31:20+0300 lvl=info msg="Request Completed" logger=context userId=0 orgId=1 uname= method=POST path=/api/live/push/custom_stream_id status=0 remote_addr=[::1] time_ms=14 size=0 referer=
t=2023-06-12T10:31:20+0300 lvl=info msg="Request Completed" logger=context userId=0 orgId=1 uname= method=POST path=/api/live/push/custom_stream_id status=0 remote_addr=[::1] time_ms=14 size=0 referer=
t=2023-06-12T10:31:20+0300 lvl=info msg="Request Completed" logger=context userId=0 orgId=1 uname= method=POST path=/api/live/push/custom_stream_id status=0 remote_addr=[::1] time_ms=15 size=0 referer=
t=2023-06-12T10:31:20+0300 lvl=info msg="Request Completed" logger=context userId=0 orgId=1 uname= method=POST path=/api/live/push/custom_stream_id status=0 remote_addr=[::1] time_ms=10 size=0 referer=
t=2023-06-12T10:31:20+0300 lvl=info msg="Request Completed" logger=context userId=0 orgId=1 uname= method=POST path=/api/live/push/custom_stream_id status=0 remote_addr=[::1] time_ms=11 size=0 referer=
t=2023-06-12T10:31:20+0300 lvl=info msg="Request Completed" logger=context userId=0 orgId=1 uname= method=POST path=/api/live/push/custom_stream_id status=0 remote_addr=[::1] time_ms=22 size=0 referer=
t=2023-06-12T10:31:20+0300 lvl=info msg="Request Completed" logger=context userId=0 orgId=1 uname= method=POST path=/api/live/push/custom_stream_id status=0 remote_addr=[::1] time_ms=11 size=0 referer=
t=2023-06-12T10:31:20+0300 lvl=info msg="Request Completed" logger=context userId=0 orgId=1 uname= method=POST path=/api/live/push/custom_stream_id status=0 remote_addr=[::1] time_ms=14 size=0 referer=
t=2023-06-12T10:31:20+0300 lvl=info msg="Request Completed" logger=context userId=0 orgId=1 uname= method=POST path=/api/live/push/custom_stream_id status=0 remote_addr=[::1] time_ms=11 size=0 referer=
t=2023-06-12T10:31:20+0300 lvl=info msg="Request Completed" logger=context userId=0 orgId=1 uname= method=POST path=/api/live/push/custom_stream_id status=0 remote_addr=[::1] time_ms=10 size=0 referer=
t=2023-06-12T10:31:21+0300 lvl=info msg="Request Completed" logger=context userId=0 orgId=1 uname= method=POST path=/api/live/push/custom_stream_id status=0 remote_addr=[::1] time_ms=16 size=0 referer=
t=2023-06-12T10:31:21+0300 lvl=info msg="Request Completed" logger=context userId=0 orgId=1 uname= method=POST path=/api/live/push/custom_stream_id status=0 remote_addr=[::1] time_ms=15 size=0 referer=
t=2023-06-12T10:31:21+0300 lvl=info msg="Request Completed" logger=context userId=0 orgId=1 uname= method=POST path=/api/live/push/custom_stream_id status=0 remote_addr=[::1] time_ms=13 size=0 referer=
t=2023-06-12T10:31:21+0300 lvl=info msg="Request Completed" logger=context userId=0 orgId=1 uname= method=POST path=/api/live/push/custom_stream_id status=0 remote_addr=[::1] time_ms=10 size=0 referer=
t=2023-06-12T10:31:21+0300 lvl=info msg="Request Completed" logger=context userId=0 orgId=1 uname= method=POST path=/api/live/push/custom_stream_id status=0 remote_addr=[::1] time_ms=10 size=0 referer=
t=2023-06-12T10:31:21+0300 lvl=info msg="Request Completed" logger=context userId=0 orgId=1 uname= method=POST path=/api/live/push/custom_stream_id status=0 remote_addr=[::1] time_ms=10 size=0 referer=
t=2023-06-12T10:31:21+0300 lvl=info msg="Request Completed" logger=context userId=0 orgId=1 uname= method=POST path=/api/live/push/custom_stream_id status=0 remote_addr=[::1] time_ms=10 size=0 referer=
t=2023-06-12T10:31:21+0300 lvl=info msg="Request Completed" logger=context userId=0 orgId=1 uname= method=POST path=/api/live/push/custom_stream_id status=0 remote_addr=[::1] time_ms=14 size=0 referer=
t=2023-06-12T10:31:24+0300 lvl=info msg="Shutdown started" logger=server reason="System signal: interrupt"
